Using pre-set license
Built from '2020.3/staging' branch; Version is '2020.3.19f1 (68f137dc9bbe) revision 6877495'; Using compiler version '192528614'; Build Type 'Release'
OS: 'Windows 10 Pro; OS build 19043.1237; Version 2009; 64bit' Language: 'es' Physical Memory: 16342 MB
BatchMode: 1, IsHumanControllingUs: 0, StartBugReporterOnCrash: 0, Is64bit: 1, IsPro: 0

COMMAND LINE ARGUMENTS:
C:\Program Files\Unity\Hub\Editor\2020.3.19f1\Editor\Unity.exe
-adb2
-batchMode
-noUpm
-name
AssetImportWorker0
-projectPath
D:/Jaume_Bauza/Jaume-Bauza-tema1/Mi-Primer-Proyecto
-logFile
Logs/AssetImportWorker0.log
-srvPort
56076
Successfully changed project path to: D:/Jaume_Bauza/Jaume-Bauza-tema1/Mi-Primer-Proyecto
D:/Jaume_Bauza/Jaume-Bauza-tema1/Mi-Primer-Proyecto
Using Asset Import Pipeline V2.
Refreshing native plugins compatible for Editor in 37.83 ms, found 2 plugins.
Preloading 0 native plugins for Editor in 0.00 ms.
Initialize engine version: 2020.3.19f1 (68f137dc9bbe)
[Subsystems] Discovering subsystems at path C:/Program Files/Unity/Hub/Editor/2020.3.19f1/Editor/Data/Resources/UnitySubsystems
[Subsystems] Discovering subsystems at path D:/Jaume_Bauza/Jaume-Bauza-tema1/Mi-Primer-Proyecto/Assets
GfxDevice: creating device client; threaded=0
Direct3D:
    Version:  Direct3D 11.0 [level 11.1]
    Renderer: NVIDIA GeForce GTX 1050 Ti (ID=0x1c82)
    Vendor:   
    VRAM:     4018 MB
    Driver:   27.21.14.5671
Initialize mono
Mono path[0] = 'C:/Program Files/Unity/Hub/Editor/2020.3.19f1/Editor/Data/Managed'
Mono path[1] = 'C:/Program Files/Unity/Hub/Editor/2020.3.19f1/Editor/Data/MonoBleedingEdge/lib/mono/unityjit'
Mono config path = 'C:/Program Files/Unity/Hub/Editor/2020.3.19f1/Editor/Data/MonoBleedingEdge/etc'
Using monoOptions --debugger-agent=transport=dt_socket,embedding=1,server=y,suspend=n,address=127.0.0.1:56108
Begin MonoManager ReloadAssembly
Registering precompiled unity dll's ...
Register platform support module: C:/Program Files/Unity/Hub/Editor/2020.3.19f1/Editor/Data/PlaybackEngines/WindowsStandaloneSupport/UnityEditor.WindowsStandalone.Extensions.dll
Registered in 0.002144 seconds.
Native extension for WindowsStandalone target not found
Refreshing native plugins compatible for Editor in 29.67 ms, found 2 plugins.
Preloading 0 native plugins for Editor in 0.00 ms.
Mono: successfully reloaded assembly
- Completed reload, in  1.301 seconds
Domain Reload Profiling:
	ReloadAssembly (1301ms)
		BeginReloadAssembly (76ms)
			ExecutionOrderSort (0ms)
			DisableScriptedObjects (0ms)
			BackupInstance (0ms)
			ReleaseScriptingObjects (0ms)
			CreateAndSetChildDomain (1ms)
		EndReloadAssembly (462ms)
			LoadAssemblies (73ms)
			RebuildTransferFunctionScriptingTraits (0ms)
			SetupTypeCache (183ms)
			ReleaseScriptCaches (0ms)
			RebuildScriptCaches (34ms)
			SetupLoadedEditorAssemblies (168ms)
				LogAssemblyErrors (0ms)
				InitializePlatformSupportModulesInManaged (4ms)
				SetLoadedEditorAssemblies (1ms)
				RefreshPlugins (30ms)
				BeforeProcessingInitializeOnLoad (9ms)
				ProcessInitializeOnLoadAttributes (91ms)
				ProcessInitializeOnLoadMethodAttributes (33ms)
				AfterProcessingInitializeOnLoad (0ms)
				EditorAssembliesLoaded (0ms)
			ExecutionOrderSort2 (0ms)
			AwakeInstancesAfterBackupRestoration (0ms)
Platform modules already initialized, skipping
Registering precompiled user dll's ...
Registered in 0.002102 seconds.
Begin MonoManager ReloadAssembly
Native extension for WindowsStandalone target not found
Refreshing native plugins compatible for Editor in 0.30 ms, found 2 plugins.
Preloading 0 native plugins for Editor in 0.00 ms.
Mono: successfully reloaded assembly
- Completed reload, in  1.082 seconds
Domain Reload Profiling:
	ReloadAssembly (1083ms)
		BeginReloadAssembly (160ms)
			ExecutionOrderSort (0ms)
			DisableScriptedObjects (6ms)
			BackupInstance (0ms)
			ReleaseScriptingObjects (0ms)
			CreateAndSetChildDomain (20ms)
		EndReloadAssembly (855ms)
			LoadAssemblies (91ms)
			RebuildTransferFunctionScriptingTraits (0ms)
			SetupTypeCache (297ms)
			ReleaseScriptCaches (0ms)
			RebuildScriptCaches (47ms)
			SetupLoadedEditorAssemblies (313ms)
				LogAssemblyErrors (0ms)
				InitializePlatformSupportModulesInManaged (6ms)
				SetLoadedEditorAssemblies (1ms)
				RefreshPlugins (0ms)
				BeforeProcessingInitializeOnLoad (56ms)
				ProcessInitializeOnLoadAttributes (238ms)
				ProcessInitializeOnLoadMethodAttributes (5ms)
				AfterProcessingInitializeOnLoad (7ms)
				EditorAssembliesLoaded (0ms)
			ExecutionOrderSort2 (0ms)
			AwakeInstancesAfterBackupRestoration (7ms)
Platform modules already initialized, skipping
========================================================================
Worker process is ready to serve import requests
Launched and connected shader compiler UnityShaderCompiler.exe after 0.05 seconds
Refreshing native plugins compatible for Editor in 0.31 ms, found 2 plugins.
Preloading 0 native plugins for Editor in 0.00 ms.
Unloading 1397 Unused Serialized files (Serialized files now loaded: 0)
System memory in use before: 64.9 MB.
System memory in use after: 65.0 MB.

Unloading 16 unused Assets to reduce memory usage. Loaded Objects now: 1832.
Total: 3.574700 ms (FindLiveObjects: 0.133200 ms CreateObjectMapping: 0.043300 ms MarkObjects: 3.278700 ms  DeleteObjects: 0.118500 ms)

AssetImportParameters requested are different than current active one (requested -> active):
  custom:framework-win-MediaFoundation: 216162199b28c13a410421893ffa2e32 -> 
  custom:video-decoder-ogg-theora: a1e56fd34408186e4bbccfd4996cb3dc -> 
  custom:container-muxer-webm: aa71ff27fc2769a1b78a27578f13a17b -> 
  custom:container-demuxer-webm: 4f35f7cbe854078d1ac9338744f61a02 -> 
  custom:container-demuxer-ogg: 62fdf1f143b41e24485cea50d1cbac27 -> 
  custom:video-encoder-webm-vp8: eb34c28f22e8b96e1ab97ce403110664 -> 
  custom:video-decoder-webm-vp8: 9c59270c3fd7afecdb556c50c9e8de78 -> 
  custom:audio-decoder-ogg-vorbis: bf7c407c2cedff20999df2af8eb42d56 -> 
  custom:audio-encoder-webm-vorbis: bf7c407c2cedff20999df2af8eb42d56 -> 
========================================================================
Received Import Request.
  path: Assets/Materiales
  artifactKey: Guid(ded6c374f7b61514c96bdadc33321376) Importer(815301076,1909f56bfc062723c751e8b465ee728b)
Start importing Assets/Materiales using Guid(ded6c374f7b61514c96bdadc33321376) Importer(815301076,1909f56bfc062723c751e8b465ee728b)  -> (artifact id: 'b090152e8209c4ccb3402748302c02da') in 0.004364 seconds 
  Import took 0.030661 seconds .

========================================================================
Received Import Request.
  Time since last request: 32.063313 seconds.
  path: Assets/Materiales/Blue_Mat.mat
  artifactKey: Guid(9d6fa49a61163ce4886e97492752fb27) Importer(815301076,1909f56bfc062723c751e8b465ee728b)
Start importing Assets/Materiales/Blue_Mat.mat using Guid(9d6fa49a61163ce4886e97492752fb27) Importer(815301076,1909f56bfc062723c751e8b465ee728b)  -> (artifact id: '5cbc94c8ff1679e387a8cfe91f7f987c') in 0.118122 seconds 
  Import took 0.120953 seconds .

========================================================================
Received Import Request.
  Time since last request: 1050.857634 seconds.
  path: Assets/Textures
  artifactKey: Guid(c5b1f082f22af2e43a42dda2b573b0c8) Importer(815301076,1909f56bfc062723c751e8b465ee728b)
Start importing Assets/Textures using Guid(c5b1f082f22af2e43a42dda2b573b0c8) Importer(815301076,1909f56bfc062723c751e8b465ee728b)  -> (artifact id: '48a7c434c7694ab829d9ce73109085b2') in 0.002644 seconds 
  Import took 0.006227 seconds .

========================================================================
Received Import Request.
  Time since last request: 32.766086 seconds.
  path: Assets/Textures/702-7029337_seamless-circuit-texture.png
  artifactKey: Guid(5711e77c64a12c94e86874ecf8b3e066) Importer(815301076,1909f56bfc062723c751e8b465ee728b)
Start importing Assets/Textures/702-7029337_seamless-circuit-texture.png using Guid(5711e77c64a12c94e86874ecf8b3e066) Importer(815301076,1909f56bfc062723c751e8b465ee728b)  -> (artifact id: 'b2244fcec66b627a2fd881d8783609df') in 0.040313 seconds 
  Import took 0.054633 seconds .

========================================================================
Received Import Request.
  Time since last request: 189.514942 seconds.
  path: Assets/Materiales/Blue_Mat.mat
  artifactKey: Guid(9d6fa49a61163ce4886e97492752fb27) Importer(815301076,1909f56bfc062723c751e8b465ee728b)
Start importing Assets/Materiales/Blue_Mat.mat using Guid(9d6fa49a61163ce4886e97492752fb27) Importer(815301076,1909f56bfc062723c751e8b465ee728b)  -> (artifact id: '5810abf6c0e101b2ce3bf9db82a3a395') in 0.008512 seconds 
  Import took 0.011057 seconds .

========================================================================
Received Import Request.
  Time since last request: 397.900415 seconds.
  path: Assets/Materiales/wheels_mat.mat
  artifactKey: Guid(addc3ce9950381341861ba356fb7c64d) Importer(815301076,1909f56bfc062723c751e8b465ee728b)
Start importing Assets/Materiales/wheels_mat.mat using Guid(addc3ce9950381341861ba356fb7c64d) Importer(815301076,1909f56bfc062723c751e8b465ee728b)  -> (artifact id: 'f40a78aea2575c2d66a53af67d599f0c') in 0.009844 seconds 
  Import took 0.049781 seconds .

========================================================================
Received Import Request.
  Time since last request: 94.446063 seconds.
  path: Assets/Materiales/head_mat.mat
  artifactKey: Guid(8dd7a4668b3e6c746bcc1c7639a2f10d) Importer(815301076,1909f56bfc062723c751e8b465ee728b)
Start importing Assets/Materiales/head_mat.mat using Guid(8dd7a4668b3e6c746bcc1c7639a2f10d) Importer(815301076,1909f56bfc062723c751e8b465ee728b)  -> (artifact id: '3569029ed71ba2e6aaf3bf1cd7b91b49') in 0.007291 seconds 
  Import took 0.010682 seconds .

========================================================================
Received Import Request.
  Time since last request: 337.076355 seconds.
  path: Assets/Textures/04da83685d554f66211bc6e7723def78.png
  artifactKey: Guid(3ed0c4901279b4949a631e7d6973129d) Importer(815301076,1909f56bfc062723c751e8b465ee728b)
Start importing Assets/Textures/04da83685d554f66211bc6e7723def78.png using Guid(3ed0c4901279b4949a631e7d6973129d) Importer(815301076,1909f56bfc062723c751e8b465ee728b)  -> (artifact id: 'a9d00b21d38247df005628d6fa12ac47') in 0.008068 seconds 
  Import took 0.011188 seconds .

========================================================================
Received Import Request.
  Time since last request: 1966.272490 seconds.
  path: Assets/Prefabs
  artifactKey: Guid(7320560ffed8f46408978ce473843437) Importer(815301076,1909f56bfc062723c751e8b465ee728b)
Start importing Assets/Prefabs using Guid(7320560ffed8f46408978ce473843437) Importer(815301076,1909f56bfc062723c751e8b465ee728b)  -> (artifact id: 'fc15b5a15b0c39be1a83cb35db86084b') in 0.002822 seconds 
  Import took 0.006486 seconds .

========================================================================
Received Import Request.
  Time since last request: 172.090471 seconds.
  path: Assets/Materiales/Blue_Mat.mat
  artifactKey: Guid(9d6fa49a61163ce4886e97492752fb27) Importer(815301076,1909f56bfc062723c751e8b465ee728b)
Start importing Assets/Materiales/Blue_Mat.mat using Guid(9d6fa49a61163ce4886e97492752fb27) Importer(815301076,1909f56bfc062723c751e8b465ee728b)  -> (artifact id: '2ce1ebec425e324534c883777e62c516') in 0.051782 seconds 
  Import took 0.059806 seconds .

========================================================================
Received Import Request.
  Time since last request: 0.000380 seconds.
  path: Assets/Materiales/head_mat.mat
  artifactKey: Guid(8dd7a4668b3e6c746bcc1c7639a2f10d) Importer(815301076,1909f56bfc062723c751e8b465ee728b)
Start importing Assets/Materiales/head_mat.mat using Guid(8dd7a4668b3e6c746bcc1c7639a2f10d) Importer(815301076,1909f56bfc062723c751e8b465ee728b)  -> (artifact id: 'e1481c93eb6db8b0a8441b1d4f61c379') in 0.008049 seconds 
  Import took 0.010500 seconds .

========================================================================
Received Import Request.
  Time since last request: 0.000302 seconds.
  path: Assets/Materiales/wheels_mat.mat
  artifactKey: Guid(addc3ce9950381341861ba356fb7c64d) Importer(815301076,1909f56bfc062723c751e8b465ee728b)
Start importing Assets/Materiales/wheels_mat.mat using Guid(addc3ce9950381341861ba356fb7c64d) Importer(815301076,1909f56bfc062723c751e8b465ee728b)  -> (artifact id: '64f119377ec70385c9211ed715961c35') in 0.007975 seconds 
  Import took 0.010888 seconds .

========================================================================
Received Import Request.
  Time since last request: 95.008450 seconds.
  path: Assets/Materiales/red_Mat.mat
  artifactKey: Guid(93c331201c720624e84f5d7d8b722ac3) Importer(815301076,1909f56bfc062723c751e8b465ee728b)
Start importing Assets/Materiales/red_Mat.mat using Guid(93c331201c720624e84f5d7d8b722ac3) Importer(815301076,1909f56bfc062723c751e8b465ee728b)  -> (artifact id: '26539ab3da6d35f5fe68211502a97e4c') in 0.013195 seconds 
  Import took 0.016439 seconds .

========================================================================
Received Import Request.
  Time since last request: 448.270084 seconds.
  path: Assets/Prefabs/Temple.prefab
  artifactKey: Guid(cd12e95e419e7c04387afba815ac5331) Importer(815301076,1909f56bfc062723c751e8b465ee728b)
Start importing Assets/Prefabs/Temple.prefab using Guid(cd12e95e419e7c04387afba815ac5331) Importer(815301076,1909f56bfc062723c751e8b465ee728b)  -> (artifact id: 'a7e83b20fa62039609e43fc272f2508c') in 0.027993 seconds 
  Import took 0.031004 seconds .

========================================================================
Received Import Request.
  Time since last request: 1230.354698 seconds.
  path: Assets/Prefabs/Robot.prefab
  artifactKey: Guid(7c70184c755a6344c932db41bfde3eb0) Importer(815301076,1909f56bfc062723c751e8b465ee728b)
Start importing Assets/Prefabs/Robot.prefab using Guid(7c70184c755a6344c932db41bfde3eb0) Importer(815301076,1909f56bfc062723c751e8b465ee728b)  -> (artifact id: '0c34cdbb4374a4c4e51fbd848424ac7d') in 0.021424 seconds 
  Import took 0.024902 seconds .

========================================================================
Received Import Request.
  Time since last request: 183.928147 seconds.
  path: Assets/Prefabs/Robot (1) Variant.prefab
  artifactKey: Guid(121c061787c249144ac1bddbd1fefea0) Importer(815301076,1909f56bfc062723c751e8b465ee728b)
Start importing Assets/Prefabs/Robot (1) Variant.prefab using Guid(121c061787c249144ac1bddbd1fefea0) Importer(815301076,1909f56bfc062723c751e8b465ee728b)  -> (artifact id: '2b16566c1097c19206a28be0a729bae5') in 0.012934 seconds 
  Import took 0.016699 seconds .

AssetImportWorkerClient::OnTransportError - code=2 error=End of file
